First 20 primes:
(2 3 5 7 11 13 17 19 23 29 31 37 41 43 47 53 59 61 67 71)

Primes between 100 and 130:
(101 103 107 109 113 127)

Factorials:
  10! = 3628800
  25! = 15511210043330985984000000
  50! = 30414093201713378043612608166064768844377641568960512000000000000

Mersenne primes 2^p - 1 (p prime, p < 32):
  p=2  2^2-1 = 3
  p=3  2^3-1 = 7
  p=5  2^5-1 = 31
  p=7  2^7-1 = 127
  p=13  2^13-1 = 8191
  p=17  2^17-1 = 131071
  p=19  2^19-1 = 524287
  p=31  2^31-1 = 2147483647

Collatz stopping times:
  6 reaches 1 in 8 steps
  27 reaches 1 in 111 steps
  97 reaches 1 in 118 steps
